<?xml version="1.0" encoding="UTF-8"?>
<testsuite name="SILab2_193171Test" tests="1" skipped="0" failures="0" errors="0" timestamp="2021-05-29T13:57:18" hostname="DESKTOP-H9LMO6B" time="0.034">
  <properties/>
  <testcase name="functionMultipleCondition()" classname="SILab2_193171Test" time="0.034"/>
  <system-out><![CDATA[]]></system-out>
  <system-err><![CDATA[]]></system-err>
</testsuite>
